2024-03-24 02:26:01,581 INFO org.hibernate.validator.internal.util.Version [background-preinit] HV000001: Hibernate Validator 6.2.5.Final
2024-03-24 02:26:01,609 INFO org.springframework.boot.StartupInfoLogger [restartedMain] Starting SpringJava13Application using Java 17.0.8 on DESKTOP-II0AOQK with PID 7352 (D:\Java Documents\java-Rustem-java13\codes\spring\spring-java13\target\classes started by Toshiba in D:\Java Documents\java-Rustem-java13\codes\spring\spring-java13)
2024-03-24 02:26:01,610 DEBUG org.springframework.boot.StartupInfoLogger [restartedMain] Running with Spring Boot v2.7.6, Spring v5.3.24
2024-03-24 02:26:01,616 INFO org.springframework.boot.SpringApplication [restartedMain] The following 1 profile is active: "development"
2024-03-24 02:26:01,752 INFO org.springframework.boot.logging.DeferredLog [restartedMain] Devtools property defaults active! Set 'spring.devtools.add-properties' to 'false' to disable
2024-03-24 02:26:01,753 INFO org.springframework.boot.logging.DeferredLog [restartedMain] For additional web related logging consider setting the 'logging.level.web' property to 'DEBUG'
2024-03-24 02:26:04,203 INFO org.springframework.data.repository.config.RepositoryConfigurationDelegate [restartedMain] Bootstrapping Spring Data JPA repositories in DEFAULT mode.
2024-03-24 02:26:04,522 INFO org.springframework.data.repository.config.RepositoryConfigurationDelegate [restartedMain] Finished Spring Data repository scanning in 295 ms. Found 10 JPA repository interfaces.
2024-03-24 02:26:06,600 INFO org.springframework.boot.web.embedded.tomcat.TomcatWebServer [restartedMain] Tomcat initialized with port(s): 8888 (http)
2024-03-24 02:26:06,626 INFO org.apache.juli.logging.DirectJDKLog [restartedMain] Initializing ProtocolHandler ["http-nio-8888"]
2024-03-24 02:26:06,628 INFO org.apache.juli.logging.DirectJDKLog [restartedMain] Starting service [Tomcat]
2024-03-24 02:26:06,630 INFO org.apache.juli.logging.DirectJDKLog [restartedMain] Starting Servlet engine: [Apache Tomcat/9.0.69]
2024-03-24 02:26:06,883 INFO org.apache.juli.logging.DirectJDKLog [restartedMain] Initializing Spring embedded WebApplicationContext
2024-03-24 02:26:06,886 INFO org.springframework.boot.web.servlet.context.ServletWebServerApplicationContext [restartedMain] Root WebApplicationContext: initialization completed in 5131 ms
2024-03-24 02:26:06,993 INFO com.zaxxer.hikari.HikariDataSource [restartedMain] HikariPool-1 - Starting...
2024-03-24 02:26:07,443 INFO com.zaxxer.hikari.HikariDataSource [restartedMain] HikariPool-1 - Start completed.
2024-03-24 02:26:07,473 INFO org.springframework.boot.autoconfigure.h2.H2ConsoleAutoConfiguration [restartedMain] H2 console available at '/h2-console'. Database available at 'jdbc:h2:mem:test'
2024-03-24 02:26:07,807 INFO org.hibernate.jpa.internal.util.LogHelper [restartedMain] HHH000204: Processing PersistenceUnitInfo [name: default]
2024-03-24 02:26:07,943 INFO org.hibernate.Version [restartedMain] HHH000412: Hibernate ORM core version 5.6.14.Final
2024-03-24 02:26:08,311 INFO org.hibernate.annotations.common.reflection.java.JavaReflectionManager [restartedMain] HCANN000001: Hibernate Commons Annotations {5.1.2.Final}
2024-03-24 02:26:08,600 INFO org.hibernate.dialect.Dialect [restartedMain] HHH000400: Using dialect: org.hibernate.dialect.H2Dialect
2024-03-24 02:26:10,082 INFO org.hibernate.engine.transaction.jta.platform.internal.JtaPlatformInitiator [restartedMain] HHH000490: Using JtaPlatform implementation: [org.hibernate.engine.transaction.jta.platform.internal.NoJtaPlatform]
2024-03-24 02:26:10,094 INFO org.springframework.orm.jpa.AbstractEntityManagerFactoryBean [restartedMain] Initialized JPA EntityManagerFactory for persistence unit 'default'
2024-03-24 02:26:10,252 WARN org.springframework.boot.autoconfigure.orm.jpa.JpaBaseConfiguration$JpaWebConfiguration [restartedMain] spring.jpa.open-in-view is enabled by default. Therefore, database queries may be performed during view rendering. Explicitly configure spring.jpa.open-in-view to disable this warning
2024-03-24 02:26:13,080 INFO org.springframework.security.web.DefaultSecurityFilterChain [restartedMain] Will secure any request with [org.springframework.security.web.session.DisableEncodeUrlFilter@a01d5d7, org.springframework.security.web.context.request.async.WebAsyncManagerIntegrationFilter@4a56f872, org.springframework.security.web.context.SecurityContextPersistenceFilter@6e52ad4, org.springframework.security.web.header.HeaderWriterFilter@4050a130, org.springframework.security.web.authentication.logout.LogoutFilter@19940e2c, org.springframework.security.web.authentication.www.BasicAuthenticationFilter@66df90f7, org.springframework.security.web.savedrequest.RequestCacheAwareFilter@24d795da, org.springframework.security.web.servletapi.SecurityContextHolderAwareRequestFilter@77a8de9, org.springframework.security.web.authentication.AnonymousAuthenticationFilter@703ec682, org.springframework.security.web.session.SessionManagementFilter@65352b4f, org.springframework.security.web.access.ExceptionTranslationFilter@a29cd54, org.springframework.security.web.access.intercept.FilterSecurityInterceptor@6a55a39d]
2024-03-24 02:26:13,155 INFO springfox.documentation.spring.web.PropertySourcedRequestMappingHandlerMapping [restartedMain] Mapped URL path [/v2/api-docs] onto method [springfox.documentation.swagger2.web.Swagger2Controller#getDocumentation(String, HttpServletRequest)]
2024-03-24 02:26:13,560 INFO org.springframework.boot.devtools.autoconfigure.OptionalLiveReloadServer [restartedMain] LiveReload server is running on port 35729
2024-03-24 02:26:14,232 WARN org.springframework.boot.autoconfigure.security.servlet.UserDetailsServiceAutoConfiguration [restartedMain] 

Using generated security password: 6acfb347-6ec4-440a-ba5b-22912481dde0

This generated password is for development use only. Your security configuration must be updated before running your application in production.

2024-03-24 02:26:14,253 INFO org.apache.juli.logging.DirectJDKLog [restartedMain] Starting ProtocolHandler ["http-nio-8888"]
2024-03-24 02:26:14,305 INFO org.springframework.boot.web.embedded.tomcat.TomcatWebServer [restartedMain] Tomcat started on port(s): 8888 (http) with context path ''
2024-03-24 02:26:14,308 INFO springfox.documentation.spring.web.plugins.DocumentationPluginsBootstrapper [restartedMain] Context refreshed
2024-03-24 02:26:14,354 INFO springfox.documentation.spring.web.plugins.DocumentationPluginsBootstrapper [restartedMain] Found 1 custom documentation plugin(s)
2024-03-24 02:26:14,440 INFO springfox.documentation.spring.web.scanners.ApiListingReferenceScanner [restartedMain] Scanning for api listing references
2024-03-24 02:26:14,674 INFO springfox.documentation.spring.web.readers.operation.CachingOperationNameGenerator [restartedMain] Generating unique operation named: deleteUsingDELETE_1
2024-03-24 02:26:14,785 INFO springfox.documentation.spring.web.readers.operation.CachingOperationNameGenerator [restartedMain] Generating unique operation named: updateUsingPUT_1
2024-03-24 02:26:14,826 INFO springfox.documentation.spring.web.readers.operation.CachingOperationNameGenerator [restartedMain] Generating unique operation named: deleteUsingDELETE_2
2024-03-24 02:26:14,830 INFO springfox.documentation.spring.web.readers.operation.CachingOperationNameGenerator [restartedMain] Generating unique operation named: findAllByIdUsingGET_1
2024-03-24 02:26:14,836 INFO springfox.documentation.spring.web.readers.operation.CachingOperationNameGenerator [restartedMain] Generating unique operation named: getListUsingGET_1
2024-03-24 02:26:14,852 INFO springfox.documentation.spring.web.readers.operation.CachingOperationNameGenerator [restartedMain] Generating unique operation named: listUsingGET_1
2024-03-24 02:26:14,870 INFO springfox.documentation.spring.web.readers.operation.CachingOperationNameGenerator [restartedMain] Generating unique operation named: updateUsingPUT_2
2024-03-24 02:26:14,995 INFO org.springframework.boot.StartupInfoLogger [restartedMain] Started SpringJava13Application in 14.403 seconds (JVM running for 15.391)
2024-03-24 02:26:56,260 INFO org.apache.juli.logging.DirectJDKLog [http-nio-8888-exec-1] Initializing Spring DispatcherServlet 'dispatcherServlet'
2024-03-24 02:26:56,261 INFO org.springframework.web.servlet.FrameworkServlet [http-nio-8888-exec-1] Initializing Servlet 'dispatcherServlet'
2024-03-24 02:26:56,265 INFO org.springframework.web.servlet.FrameworkServlet [http-nio-8888-exec-1] Completed initialization in 2 ms
2024-03-24 02:33:23,976 INFO org.springframework.boot.devtools.autoconfigure.LocalDevToolsAutoConfiguration$RestartingClassPathChangeChangedEventListener [File Watcher] Restarting due to 1 class path change (0 additions, 0 deletions, 1 modification)
2024-03-24 02:33:24,017 INFO org.apache.juli.logging.DirectJDKLog [Thread-5] Pausing ProtocolHandler ["http-nio-8888"]
2024-03-24 02:33:24,018 INFO org.apache.juli.logging.DirectJDKLog [Thread-5] Stopping service [Tomcat]
2024-03-24 02:33:24,021 INFO org.apache.juli.logging.DirectJDKLog [Thread-5] Destroying Spring FrameworkServlet 'dispatcherServlet'
2024-03-24 02:33:24,026 INFO org.apache.juli.logging.DirectJDKLog [Thread-5] Stopping ProtocolHandler ["http-nio-8888"]
2024-03-24 02:33:24,030 INFO org.apache.juli.logging.DirectJDKLog [Thread-5] Destroying ProtocolHandler ["http-nio-8888"]
2024-03-24 02:33:24,062 INFO org.springframework.orm.jpa.AbstractEntityManagerFactoryBean [Thread-5] Closing JPA EntityManagerFactory for persistence unit 'default'
2024-03-24 02:33:24,281 WARN org.springframework.beans.factory.support.DisposableBeanAdapter [Thread-5] Invocation of destroy method failed on bean with name 'inMemoryDatabaseShutdownExecutor': org.h2.jdbc.JdbcSQLNonTransientConnectionException: Database is already closed (to disable automatic closing at VM shutdown, add ";DB_CLOSE_ON_EXIT=FALSE" to the db URL) [90121-214]
2024-03-24 02:33:24,282 INFO com.zaxxer.hikari.HikariDataSource [Thread-5] HikariPool-1 - Shutdown initiated...
2024-03-24 02:33:24,290 INFO com.zaxxer.hikari.HikariDataSource [Thread-5] HikariPool-1 - Shutdown completed.
2024-03-24 02:33:24,473 INFO org.springframework.boot.StartupInfoLogger [restartedMain] Starting SpringJava13Application using Java 17.0.8 on DESKTOP-II0AOQK with PID 7352 (D:\Java Documents\java-Rustem-java13\codes\spring\spring-java13\target\classes started by Toshiba in D:\Java Documents\java-Rustem-java13\codes\spring\spring-java13)
2024-03-24 02:33:24,474 DEBUG org.springframework.boot.StartupInfoLogger [restartedMain] Running with Spring Boot v2.7.6, Spring v5.3.24
2024-03-24 02:33:24,474 INFO org.springframework.boot.SpringApplication [restartedMain] The following 1 profile is active: "development"
2024-03-24 02:33:25,317 INFO org.springframework.data.repository.config.RepositoryConfigurationDelegate [restartedMain] Bootstrapping Spring Data JPA repositories in DEFAULT mode.
2024-03-24 02:33:25,474 INFO org.springframework.data.repository.config.RepositoryConfigurationDelegate [restartedMain] Finished Spring Data repository scanning in 155 ms. Found 10 JPA repository interfaces.
2024-03-24 02:33:25,846 INFO org.springframework.boot.web.embedded.tomcat.TomcatWebServer [restartedMain] Tomcat initialized with port(s): 8888 (http)
2024-03-24 02:33:25,847 INFO org.apache.juli.logging.DirectJDKLog [restartedMain] Initializing ProtocolHandler ["http-nio-8888"]
2024-03-24 02:33:25,848 INFO org.apache.juli.logging.DirectJDKLog [restartedMain] Starting service [Tomcat]
2024-03-24 02:33:25,849 INFO org.apache.juli.logging.DirectJDKLog [restartedMain] Starting Servlet engine: [Apache Tomcat/9.0.69]
2024-03-24 02:33:25,918 INFO org.apache.juli.logging.DirectJDKLog [restartedMain] Initializing Spring embedded WebApplicationContext
2024-03-24 02:33:25,918 INFO org.springframework.boot.web.servlet.context.ServletWebServerApplicationContext [restartedMain] Root WebApplicationContext: initialization completed in 1439 ms
2024-03-24 02:33:25,977 INFO com.zaxxer.hikari.HikariDataSource [restartedMain] HikariPool-2 - Starting...
2024-03-24 02:33:25,980 INFO com.zaxxer.hikari.HikariDataSource [restartedMain] HikariPool-2 - Start completed.
2024-03-24 02:33:25,981 INFO org.springframework.boot.autoconfigure.h2.H2ConsoleAutoConfiguration [restartedMain] H2 console available at '/h2-console'. Database available at 'jdbc:h2:mem:test'
2024-03-24 02:33:26,099 INFO org.hibernate.jpa.internal.util.LogHelper [restartedMain] HHH000204: Processing PersistenceUnitInfo [name: default]
2024-03-24 02:33:26,113 INFO org.hibernate.dialect.Dialect [restartedMain] HHH000400: Using dialect: org.hibernate.dialect.H2Dialect
2024-03-24 02:33:26,456 INFO org.hibernate.engine.transaction.jta.platform.internal.JtaPlatformInitiator [restartedMain] HHH000490: Using JtaPlatform implementation: [org.hibernate.engine.transaction.jta.platform.internal.NoJtaPlatform]
2024-03-24 02:33:26,457 INFO org.springframework.orm.jpa.AbstractEntityManagerFactoryBean [restartedMain] Initialized JPA EntityManagerFactory for persistence unit 'default'
2024-03-24 02:33:26,532 WARN org.springframework.boot.autoconfigure.orm.jpa.JpaBaseConfiguration$JpaWebConfiguration [restartedMain] spring.jpa.open-in-view is enabled by default. Therefore, database queries may be performed during view rendering. Explicitly configure spring.jpa.open-in-view to disable this warning
2024-03-24 02:33:27,556 INFO org.springframework.security.web.DefaultSecurityFilterChain [restartedMain] Will secure any request with [org.springframework.security.web.session.DisableEncodeUrlFilter@3f500c0e, org.springframework.security.web.context.request.async.WebAsyncManagerIntegrationFilter@6188b4ca, org.springframework.security.web.context.SecurityContextPersistenceFilter@73b1833d, org.springframework.security.web.header.HeaderWriterFilter@1a0b2e7f, org.springframework.security.web.authentication.logout.LogoutFilter@5ab4ff26, org.springframework.security.web.authentication.www.BasicAuthenticationFilter@532856d7, org.springframework.security.web.savedrequest.RequestCacheAwareFilter@273cd882, org.springframework.security.web.servletapi.SecurityContextHolderAwareRequestFilter@640762cc, org.springframework.security.web.authentication.AnonymousAuthenticationFilter@6bae9f56, org.springframework.security.web.session.SessionManagementFilter@32fe6b73, org.springframework.security.web.access.ExceptionTranslationFilter@2d7f24c5, org.springframework.security.web.access.intercept.FilterSecurityInterceptor@3f13ba6]
2024-03-24 02:33:27,588 INFO springfox.documentation.spring.web.PropertySourcedRequestMappingHandlerMapping [restartedMain] Mapped URL path [/v2/api-docs] onto method [springfox.documentation.swagger2.web.Swagger2Controller#getDocumentation(String, HttpServletRequest)]
2024-03-24 02:33:27,821 INFO org.springframework.boot.devtools.autoconfigure.OptionalLiveReloadServer [restartedMain] LiveReload server is running on port 35729
2024-03-24 02:33:28,063 WARN org.springframework.boot.autoconfigure.security.servlet.UserDetailsServiceAutoConfiguration [restartedMain] 

Using generated security password: 4fb7b9bd-78b6-4b26-bdb0-aa126fa1600b

This generated password is for development use only. Your security configuration must be updated before running your application in production.

2024-03-24 02:33:28,102 INFO org.apache.juli.logging.DirectJDKLog [restartedMain] Starting ProtocolHandler ["http-nio-8888"]
2024-03-24 02:33:28,114 INFO org.springframework.boot.web.embedded.tomcat.TomcatWebServer [restartedMain] Tomcat started on port(s): 8888 (http) with context path ''
2024-03-24 02:33:28,116 INFO springfox.documentation.spring.web.plugins.DocumentationPluginsBootstrapper [restartedMain] Context refreshed
2024-03-24 02:33:28,138 INFO springfox.documentation.spring.web.plugins.DocumentationPluginsBootstrapper [restartedMain] Found 1 custom documentation plugin(s)
2024-03-24 02:33:28,187 INFO springfox.documentation.spring.web.scanners.ApiListingReferenceScanner [restartedMain] Scanning for api listing references
2024-03-24 02:33:28,346 INFO springfox.documentation.spring.web.readers.operation.CachingOperationNameGenerator [restartedMain] Generating unique operation named: deleteUsingDELETE_1
2024-03-24 02:33:28,451 INFO springfox.documentation.spring.web.readers.operation.CachingOperationNameGenerator [restartedMain] Generating unique operation named: updateUsingPUT_1
2024-03-24 02:33:28,478 INFO springfox.documentation.spring.web.readers.operation.CachingOperationNameGenerator [restartedMain] Generating unique operation named: deleteUsingDELETE_2
2024-03-24 02:33:28,482 INFO springfox.documentation.spring.web.readers.operation.CachingOperationNameGenerator [restartedMain] Generating unique operation named: findAllByIdUsingGET_1
2024-03-24 02:33:28,488 INFO springfox.documentation.spring.web.readers.operation.CachingOperationNameGenerator [restartedMain] Generating unique operation named: getListUsingGET_1
2024-03-24 02:33:28,503 INFO springfox.documentation.spring.web.readers.operation.CachingOperationNameGenerator [restartedMain] Generating unique operation named: listUsingGET_1
2024-03-24 02:33:28,519 INFO springfox.documentation.spring.web.readers.operation.CachingOperationNameGenerator [restartedMain] Generating unique operation named: updateUsingPUT_2
2024-03-24 02:33:28,568 INFO org.springframework.boot.StartupInfoLogger [restartedMain] Started SpringJava13Application in 4.183 seconds (JVM running for 448.964)
2024-03-24 02:33:28,574 INFO org.springframework.boot.devtools.autoconfigure.ConditionEvaluationDeltaLoggingListener [restartedMain] Condition evaluation unchanged
2024-03-24 02:33:46,080 INFO org.apache.juli.logging.DirectJDKLog [http-nio-8888-exec-1] Initializing Spring DispatcherServlet 'dispatcherServlet'
2024-03-24 02:33:46,081 INFO org.springframework.web.servlet.FrameworkServlet [http-nio-8888-exec-1] Initializing Servlet 'dispatcherServlet'
2024-03-24 02:33:46,085 INFO org.springframework.web.servlet.FrameworkServlet [http-nio-8888-exec-1] Completed initialization in 3 ms
2024-03-24 02:40:00,651 INFO org.hibernate.validator.internal.util.Version [background-preinit] HV000001: Hibernate Validator 6.2.5.Final
2024-03-24 02:40:00,666 INFO org.springframework.boot.StartupInfoLogger [restartedMain] Starting SpringJava13Application using Java 17.0.8 on DESKTOP-II0AOQK with PID 9176 (D:\Java Documents\java-Rustem-java13\codes\spring\spring-java13\target\classes started by Toshiba in D:\Java Documents\java-Rustem-java13\codes\spring\spring-java13)
2024-03-24 02:40:00,667 DEBUG org.springframework.boot.StartupInfoLogger [restartedMain] Running with Spring Boot v2.7.6, Spring v5.3.24
2024-03-24 02:40:00,670 INFO org.springframework.boot.SpringApplication [restartedMain] The following 1 profile is active: "development"
2024-03-24 02:40:00,826 INFO org.springframework.boot.logging.DeferredLog [restartedMain] Devtools property defaults active! Set 'spring.devtools.add-properties' to 'false' to disable
2024-03-24 02:40:00,827 INFO org.springframework.boot.logging.DeferredLog [restartedMain] For additional web related logging consider setting the 'logging.level.web' property to 'DEBUG'
2024-03-24 02:40:03,784 INFO org.springframework.data.repository.config.RepositoryConfigurationDelegate [restartedMain] Bootstrapping Spring Data JPA repositories in DEFAULT mode.
2024-03-24 02:40:04,138 INFO org.springframework.data.repository.config.RepositoryConfigurationDelegate [restartedMain] Finished Spring Data repository scanning in 327 ms. Found 10 JPA repository interfaces.
2024-03-24 02:40:06,483 INFO org.springframework.boot.web.embedded.tomcat.TomcatWebServer [restartedMain] Tomcat initialized with port(s): 8888 (http)
2024-03-24 02:40:06,508 INFO org.apache.juli.logging.DirectJDKLog [restartedMain] Initializing ProtocolHandler ["http-nio-8888"]
2024-03-24 02:40:06,512 INFO org.apache.juli.logging.DirectJDKLog [restartedMain] Starting service [Tomcat]
2024-03-24 02:40:06,514 INFO org.apache.juli.logging.DirectJDKLog [restartedMain] Starting Servlet engine: [Apache Tomcat/9.0.69]
2024-03-24 02:40:06,788 INFO org.apache.juli.logging.DirectJDKLog [restartedMain] Initializing Spring embedded WebApplicationContext
2024-03-24 02:40:06,789 INFO org.springframework.boot.web.servlet.context.ServletWebServerApplicationContext [restartedMain] Root WebApplicationContext: initialization completed in 5950 ms
2024-03-24 02:40:06,942 INFO com.zaxxer.hikari.HikariDataSource [restartedMain] HikariPool-1 - Starting...
2024-03-24 02:40:07,572 INFO com.zaxxer.hikari.HikariDataSource [restartedMain] HikariPool-1 - Start completed.
2024-03-24 02:40:07,602 INFO org.springframework.boot.autoconfigure.h2.H2ConsoleAutoConfiguration [restartedMain] H2 console available at '/h2-console'. Database available at 'jdbc:h2:mem:test'
2024-03-24 02:40:07,964 INFO org.hibernate.jpa.internal.util.LogHelper [restartedMain] HHH000204: Processing PersistenceUnitInfo [name: default]
2024-03-24 02:40:08,091 INFO org.hibernate.Version [restartedMain] HHH000412: Hibernate ORM core version 5.6.14.Final
2024-03-24 02:40:08,490 INFO org.hibernate.annotations.common.reflection.java.JavaReflectionManager [restartedMain] HCANN000001: Hibernate Commons Annotations {5.1.2.Final}
2024-03-24 02:40:08,865 INFO org.hibernate.dialect.Dialect [restartedMain] HHH000400: Using dialect: org.hibernate.dialect.H2Dialect
2024-03-24 02:40:11,044 INFO org.hibernate.engine.transaction.jta.platform.internal.JtaPlatformInitiator [restartedMain] HHH000490: Using JtaPlatform implementation: [org.hibernate.engine.transaction.jta.platform.internal.NoJtaPlatform]
2024-03-24 02:40:11,067 INFO org.springframework.orm.jpa.AbstractEntityManagerFactoryBean [restartedMain] Initialized JPA EntityManagerFactory for persistence unit 'default'
2024-03-24 02:40:11,252 WARN org.springframework.boot.autoconfigure.orm.jpa.JpaBaseConfiguration$JpaWebConfiguration [restartedMain] spring.jpa.open-in-view is enabled by default. Therefore, database queries may be performed during view rendering. Explicitly configure spring.jpa.open-in-view to disable this warning
2024-03-24 02:40:14,331 INFO org.springframework.security.web.DefaultSecurityFilterChain [restartedMain] Will secure any request with [org.springframework.security.web.session.DisableEncodeUrlFilter@5c22f75b, org.springframework.security.web.context.request.async.WebAsyncManagerIntegrationFilter@1082a665, org.springframework.security.web.context.SecurityContextPersistenceFilter@d487cdb, org.springframework.security.web.header.HeaderWriterFilter@3203436c, org.springframework.security.web.authentication.logout.LogoutFilter@5ebc9ddf, org.springframework.security.web.authentication.www.BasicAuthenticationFilter@11af53ef, org.springframework.security.web.savedrequest.RequestCacheAwareFilter@65e58a0d, org.springframework.security.web.servletapi.SecurityContextHolderAwareRequestFilter@5fc18ffd, org.springframework.security.web.authentication.AnonymousAuthenticationFilter@dc2492d, org.springframework.security.web.session.SessionManagementFilter@4323b39a, org.springframework.security.web.access.ExceptionTranslationFilter@2449d72e, org.springframework.security.web.access.intercept.FilterSecurityInterceptor@67cedf8]
2024-03-24 02:40:14,397 INFO springfox.documentation.spring.web.PropertySourcedRequestMappingHandlerMapping [restartedMain] Mapped URL path [/v2/api-docs] onto method [springfox.documentation.swagger2.web.Swagger2Controller#getDocumentation(String, HttpServletRequest)]
2024-03-24 02:40:14,880 INFO org.springframework.boot.devtools.autoconfigure.OptionalLiveReloadServer [restartedMain] LiveReload server is running on port 35729
2024-03-24 02:40:15,579 WARN org.springframework.boot.autoconfigure.security.servlet.UserDetailsServiceAutoConfiguration [restartedMain] 

Using generated security password: 3440f508-61c6-4800-944d-ac598d4495c9

This generated password is for development use only. Your security configuration must be updated before running your application in production.

2024-03-24 02:40:15,605 INFO org.apache.juli.logging.DirectJDKLog [restartedMain] Starting ProtocolHandler ["http-nio-8888"]
2024-03-24 02:40:15,644 INFO org.springframework.boot.web.embedded.tomcat.TomcatWebServer [restartedMain] Tomcat started on port(s): 8888 (http) with context path ''
2024-03-24 02:40:15,648 INFO springfox.documentation.spring.web.plugins.DocumentationPluginsBootstrapper [restartedMain] Context refreshed
2024-03-24 02:40:15,682 INFO springfox.documentation.spring.web.plugins.DocumentationPluginsBootstrapper [restartedMain] Found 1 custom documentation plugin(s)
2024-03-24 02:40:15,855 INFO springfox.documentation.spring.web.scanners.ApiListingReferenceScanner [restartedMain] Scanning for api listing references
2024-03-24 02:40:16,165 INFO springfox.documentation.spring.web.readers.operation.CachingOperationNameGenerator [restartedMain] Generating unique operation named: deleteUsingDELETE_1
2024-03-24 02:40:16,310 INFO springfox.documentation.spring.web.readers.operation.CachingOperationNameGenerator [restartedMain] Generating unique operation named: updateUsingPUT_1
2024-03-24 02:40:16,349 INFO springfox.documentation.spring.web.readers.operation.CachingOperationNameGenerator [restartedMain] Generating unique operation named: deleteUsingDELETE_2
2024-03-24 02:40:16,353 INFO springfox.documentation.spring.web.readers.operation.CachingOperationNameGenerator [restartedMain] Generating unique operation named: findAllByIdUsingGET_1
2024-03-24 02:40:16,359 INFO springfox.documentation.spring.web.readers.operation.CachingOperationNameGenerator [restartedMain] Generating unique operation named: getListUsingGET_1
2024-03-24 02:40:16,378 INFO springfox.documentation.spring.web.readers.operation.CachingOperationNameGenerator [restartedMain] Generating unique operation named: listUsingGET_1
2024-03-24 02:40:16,390 INFO springfox.documentation.spring.web.readers.operation.CachingOperationNameGenerator [restartedMain] Generating unique operation named: updateUsingPUT_2
2024-03-24 02:40:16,532 INFO org.springframework.boot.StartupInfoLogger [restartedMain] Started SpringJava13Application in 16.835 seconds (JVM running for 18.115)
2024-03-24 02:40:32,567 INFO org.springframework.boot.devtools.autoconfigure.LocalDevToolsAutoConfiguration$RestartingClassPathChangeChangedEventListener [File Watcher] Restarting due to 1 class path change (0 additions, 0 deletions, 1 modification)
2024-03-24 02:40:32,594 INFO org.apache.juli.logging.DirectJDKLog [Thread-5] Pausing ProtocolHandler ["http-nio-8888"]
2024-03-24 02:40:32,595 INFO org.apache.juli.logging.DirectJDKLog [Thread-5] Stopping service [Tomcat]
2024-03-24 02:40:32,602 INFO org.apache.juli.logging.DirectJDKLog [Thread-5] Stopping ProtocolHandler ["http-nio-8888"]
2024-03-24 02:40:32,606 INFO org.apache.juli.logging.DirectJDKLog [Thread-5] Destroying ProtocolHandler ["http-nio-8888"]
2024-03-24 02:40:32,639 INFO org.springframework.orm.jpa.AbstractEntityManagerFactoryBean [Thread-5] Closing JPA EntityManagerFactory for persistence unit 'default'
2024-03-24 02:40:32,866 WARN org.springframework.beans.factory.support.DisposableBeanAdapter [Thread-5] Invocation of destroy method failed on bean with name 'inMemoryDatabaseShutdownExecutor': org.h2.jdbc.JdbcSQLNonTransientConnectionException: Database is already closed (to disable automatic closing at VM shutdown, add ";DB_CLOSE_ON_EXIT=FALSE" to the db URL) [90121-214]
2024-03-24 02:40:32,868 INFO com.zaxxer.hikari.HikariDataSource [Thread-5] HikariPool-1 - Shutdown initiated...
2024-03-24 02:40:32,878 INFO com.zaxxer.hikari.HikariDataSource [Thread-5] HikariPool-1 - Shutdown completed.
2024-03-24 02:40:33,210 INFO org.springframework.boot.StartupInfoLogger [restartedMain] Starting SpringJava13Application using Java 17.0.8 on DESKTOP-II0AOQK with PID 9176 (D:\Java Documents\java-Rustem-java13\codes\spring\spring-java13\target\classes started by Toshiba in D:\Java Documents\java-Rustem-java13\codes\spring\spring-java13)
2024-03-24 02:40:33,215 DEBUG org.springframework.boot.StartupInfoLogger [restartedMain] Running with Spring Boot v2.7.6, Spring v5.3.24
2024-03-24 02:40:33,217 INFO org.springframework.boot.SpringApplication [restartedMain] The following 1 profile is active: "development"
2024-03-24 02:40:35,328 INFO org.springframework.data.repository.config.RepositoryConfigurationDelegate [restartedMain] Bootstrapping Spring Data JPA repositories in DEFAULT mode.
2024-03-24 02:40:35,516 INFO org.springframework.data.repository.config.RepositoryConfigurationDelegate [restartedMain] Finished Spring Data repository scanning in 186 ms. Found 10 JPA repository interfaces.
2024-03-24 02:40:36,071 INFO org.springframework.boot.web.embedded.tomcat.TomcatWebServer [restartedMain] Tomcat initialized with port(s): 8888 (http)
2024-03-24 02:40:36,074 INFO org.apache.juli.logging.DirectJDKLog [restartedMain] Initializing ProtocolHandler ["http-nio-8888"]
2024-03-24 02:40:36,074 INFO org.apache.juli.logging.DirectJDKLog [restartedMain] Starting service [Tomcat]
2024-03-24 02:40:36,075 INFO org.apache.juli.logging.DirectJDKLog [restartedMain] Starting Servlet engine: [Apache Tomcat/9.0.69]
2024-03-24 02:40:36,142 INFO org.apache.juli.logging.DirectJDKLog [restartedMain] Initializing Spring embedded WebApplicationContext
2024-03-24 02:40:36,142 INFO org.springframework.boot.web.servlet.context.ServletWebServerApplicationContext [restartedMain] Root WebApplicationContext: initialization completed in 2902 ms
2024-03-24 02:40:36,196 INFO com.zaxxer.hikari.HikariDataSource [restartedMain] HikariPool-2 - Starting...
2024-03-24 02:40:36,208 INFO com.zaxxer.hikari.HikariDataSource [restartedMain] HikariPool-2 - Start completed.
2024-03-24 02:40:36,208 INFO org.springframework.boot.autoconfigure.h2.H2ConsoleAutoConfiguration [restartedMain] H2 console available at '/h2-console'. Database available at 'jdbc:h2:mem:test'
2024-03-24 02:40:36,315 INFO org.hibernate.jpa.internal.util.LogHelper [restartedMain] HHH000204: Processing PersistenceUnitInfo [name: default]
2024-03-24 02:40:36,332 INFO org.hibernate.dialect.Dialect [restartedMain] HHH000400: Using dialect: org.hibernate.dialect.H2Dialect
2024-03-24 02:40:36,785 INFO org.hibernate.engine.transaction.jta.platform.internal.JtaPlatformInitiator [restartedMain] HHH000490: Using JtaPlatform implementation: [org.hibernate.engine.transaction.jta.platform.internal.NoJtaPlatform]
2024-03-24 02:40:36,786 INFO org.springframework.orm.jpa.AbstractEntityManagerFactoryBean [restartedMain] Initialized JPA EntityManagerFactory for persistence unit 'default'
2024-03-24 02:40:36,846 WARN org.springframework.boot.autoconfigure.orm.jpa.JpaBaseConfiguration$JpaWebConfiguration [restartedMain] spring.jpa.open-in-view is enabled by default. Therefore, database queries may be performed during view rendering. Explicitly configure spring.jpa.open-in-view to disable this warning
2024-03-24 02:40:38,058 INFO org.springframework.security.web.DefaultSecurityFilterChain [restartedMain] Will secure any request with [org.springframework.security.web.session.DisableEncodeUrlFilter@1c0b5d2b, org.springframework.security.web.context.request.async.WebAsyncManagerIntegrationFilter@704295fb, org.springframework.security.web.context.SecurityContextPersistenceFilter@6bf1b9ff, org.springframework.security.web.header.HeaderWriterFilter@3024580d, org.springframework.security.web.authentication.logout.LogoutFilter@47ea40a9, org.springframework.security.web.authentication.www.BasicAuthenticationFilter@2a46da00, org.springframework.security.web.savedrequest.RequestCacheAwareFilter@6dcce509, org.springframework.security.web.servletapi.SecurityContextHolderAwareRequestFilter@7fba3c8d, org.springframework.security.web.authentication.AnonymousAuthenticationFilter@3ae4be1c, org.springframework.security.web.session.SessionManagementFilter@4d627695, org.springframework.security.web.access.ExceptionTranslationFilter@65ec7ae2, org.springframework.security.web.access.intercept.FilterSecurityInterceptor@4521e9b6]
2024-03-24 02:40:38,079 INFO springfox.documentation.spring.web.PropertySourcedRequestMappingHandlerMapping [restartedMain] Mapped URL path [/v2/api-docs] onto method [springfox.documentation.swagger2.web.Swagger2Controller#getDocumentation(String, HttpServletRequest)]
2024-03-24 02:40:38,327 INFO org.springframework.boot.devtools.autoconfigure.OptionalLiveReloadServer [restartedMain] LiveReload server is running on port 35729
2024-03-24 02:40:38,634 WARN org.springframework.boot.autoconfigure.security.servlet.UserDetailsServiceAutoConfiguration [restartedMain] 

Using generated security password: 0fd925d4-b37f-4758-b5d1-b8a47dc7b26c

This generated password is for development use only. Your security configuration must be updated before running your application in production.

2024-03-24 02:40:38,660 INFO org.apache.juli.logging.DirectJDKLog [restartedMain] Starting ProtocolHandler ["http-nio-8888"]
2024-03-24 02:40:38,670 INFO org.springframework.boot.web.embedded.tomcat.TomcatWebServer [restartedMain] Tomcat started on port(s): 8888 (http) with context path ''
2024-03-24 02:40:38,673 INFO springfox.documentation.spring.web.plugins.DocumentationPluginsBootstrapper [restartedMain] Context refreshed
2024-03-24 02:40:38,674 INFO springfox.documentation.spring.web.plugins.DocumentationPluginsBootstrapper [restartedMain] Found 1 custom documentation plugin(s)
2024-03-24 02:40:38,709 INFO springfox.documentation.spring.web.scanners.ApiListingReferenceScanner [restartedMain] Scanning for api listing references
2024-03-24 02:40:38,876 INFO springfox.documentation.spring.web.readers.operation.CachingOperationNameGenerator [restartedMain] Generating unique operation named: deleteUsingDELETE_1
2024-03-24 02:40:38,987 INFO springfox.documentation.spring.web.readers.operation.CachingOperationNameGenerator [restartedMain] Generating unique operation named: updateUsingPUT_1
2024-03-24 02:40:39,006 INFO springfox.documentation.spring.web.readers.operation.CachingOperationNameGenerator [restartedMain] Generating unique operation named: deleteUsingDELETE_2
2024-03-24 02:40:39,010 INFO springfox.documentation.spring.web.readers.operation.CachingOperationNameGenerator [restartedMain] Generating unique operation named: findAllByIdUsingGET_1
2024-03-24 02:40:39,017 INFO springfox.documentation.spring.web.readers.operation.CachingOperationNameGenerator [restartedMain] Generating unique operation named: getListUsingGET_1
2024-03-24 02:40:39,027 INFO springfox.documentation.spring.web.readers.operation.CachingOperationNameGenerator [restartedMain] Generating unique operation named: listUsingGET_1
2024-03-24 02:40:39,037 INFO springfox.documentation.spring.web.readers.operation.CachingOperationNameGenerator [restartedMain] Generating unique operation named: updateUsingPUT_2
2024-03-24 02:40:39,113 INFO org.springframework.boot.StartupInfoLogger [restartedMain] Started SpringJava13Application in 6.131 seconds (JVM running for 40.696)
2024-03-24 02:40:39,123 INFO org.springframework.boot.devtools.autoconfigure.ConditionEvaluationDeltaLoggingListener [restartedMain] Condition evaluation unchanged
2024-03-24 02:40:40,090 INFO org.springframework.boot.devtools.autoconfigure.LocalDevToolsAutoConfiguration$RestartingClassPathChangeChangedEventListener [File Watcher] Restarting due to 1 class path change (0 additions, 0 deletions, 1 modification)
2024-03-24 02:40:40,116 INFO org.apache.juli.logging.DirectJDKLog [Thread-8] Pausing ProtocolHandler ["http-nio-8888"]
2024-03-24 02:40:40,117 INFO org.apache.juli.logging.DirectJDKLog [Thread-8] Stopping service [Tomcat]
2024-03-24 02:40:40,120 INFO org.apache.juli.logging.DirectJDKLog [Thread-8] Stopping ProtocolHandler ["http-nio-8888"]
2024-03-24 02:40:40,124 INFO org.apache.juli.logging.DirectJDKLog [Thread-8] Destroying ProtocolHandler ["http-nio-8888"]
2024-03-24 02:40:40,134 INFO org.springframework.orm.jpa.AbstractEntityManagerFactoryBean [Thread-8] Closing JPA EntityManagerFactory for persistence unit 'default'
2024-03-24 02:40:40,339 WARN org.springframework.beans.factory.support.DisposableBeanAdapter [Thread-8] Invocation of destroy method failed on bean with name 'inMemoryDatabaseShutdownExecutor': org.h2.jdbc.JdbcSQLNonTransientConnectionException: Database is already closed (to disable automatic closing at VM shutdown, add ";DB_CLOSE_ON_EXIT=FALSE" to the db URL) [90121-214]
2024-03-24 02:40:40,341 INFO com.zaxxer.hikari.HikariDataSource [Thread-8] HikariPool-2 - Shutdown initiated...
2024-03-24 02:40:40,344 INFO com.zaxxer.hikari.HikariDataSource [Thread-8] HikariPool-2 - Shutdown completed.
2024-03-24 02:40:40,525 INFO org.springframework.boot.StartupInfoLogger [restartedMain] Starting SpringJava13Application using Java 17.0.8 on DESKTOP-II0AOQK with PID 9176 (D:\Java Documents\java-Rustem-java13\codes\spring\spring-java13\target\classes started by Toshiba in D:\Java Documents\java-Rustem-java13\codes\spring\spring-java13)
2024-03-24 02:40:40,526 DEBUG org.springframework.boot.StartupInfoLogger [restartedMain] Running with Spring Boot v2.7.6, Spring v5.3.24
2024-03-24 02:40:40,526 INFO org.springframework.boot.SpringApplication [restartedMain] The following 1 profile is active: "development"
2024-03-24 02:40:41,185 INFO org.springframework.data.repository.config.RepositoryConfigurationDelegate [restartedMain] Bootstrapping Spring Data JPA repositories in DEFAULT mode.
2024-03-24 02:40:41,263 INFO org.springframework.data.repository.config.RepositoryConfigurationDelegate [restartedMain] Finished Spring Data repository scanning in 77 ms. Found 10 JPA repository interfaces.
2024-03-24 02:40:41,531 INFO org.springframework.boot.web.embedded.tomcat.TomcatWebServer [restartedMain] Tomcat initialized with port(s): 8888 (http)
2024-03-24 02:40:41,532 INFO org.apache.juli.logging.DirectJDKLog [restartedMain] Initializing ProtocolHandler ["http-nio-8888"]
2024-03-24 02:40:41,533 INFO org.apache.juli.logging.DirectJDKLog [restartedMain] Starting service [Tomcat]
2024-03-24 02:40:41,534 INFO org.apache.juli.logging.DirectJDKLog [restartedMain] Starting Servlet engine: [Apache Tomcat/9.0.69]
2024-03-24 02:40:41,588 INFO org.apache.juli.logging.DirectJDKLog [restartedMain] Initializing Spring embedded WebApplicationContext
2024-03-24 02:40:41,588 INFO org.springframework.boot.web.servlet.context.ServletWebServerApplicationContext [restartedMain] Root WebApplicationContext: initialization completed in 1057 ms
2024-03-24 02:40:41,613 INFO com.zaxxer.hikari.HikariDataSource [restartedMain] HikariPool-3 - Starting...
2024-03-24 02:40:41,622 INFO com.zaxxer.hikari.HikariDataSource [restartedMain] HikariPool-3 - Start completed.
2024-03-24 02:40:41,623 INFO org.springframework.boot.autoconfigure.h2.H2ConsoleAutoConfiguration [restartedMain] H2 console available at '/h2-console'. Database available at 'jdbc:h2:mem:test'
2024-03-24 02:40:41,705 INFO org.hibernate.jpa.internal.util.LogHelper [restartedMain] HHH000204: Processing PersistenceUnitInfo [name: default]
2024-03-24 02:40:41,722 INFO org.hibernate.dialect.Dialect [restartedMain] HHH000400: Using dialect: org.hibernate.dialect.H2Dialect
2024-03-24 02:40:41,988 INFO org.hibernate.engine.transaction.jta.platform.internal.JtaPlatformInitiator [restartedMain] HHH000490: Using JtaPlatform implementation: [org.hibernate.engine.transaction.jta.platform.internal.NoJtaPlatform]
2024-03-24 02:40:41,989 INFO org.springframework.orm.jpa.AbstractEntityManagerFactoryBean [restartedMain] Initialized JPA EntityManagerFactory for persistence unit 'default'
2024-03-24 02:40:42,046 WARN org.springframework.boot.autoconfigure.orm.jpa.JpaBaseConfiguration$JpaWebConfiguration [restartedMain] spring.jpa.open-in-view is enabled by default. Therefore, database queries may be performed during view rendering. Explicitly configure spring.jpa.open-in-view to disable this warning
2024-03-24 02:40:42,940 INFO org.springframework.security.web.DefaultSecurityFilterChain [restartedMain] Will secure any request with [org.springframework.security.web.session.DisableEncodeUrlFilter@5f7d8e29, org.springframework.security.web.context.request.async.WebAsyncManagerIntegrationFilter@6c1374b1, org.springframework.security.web.context.SecurityContextPersistenceFilter@71ee5d, org.springframework.security.web.header.HeaderWriterFilter@572ef0e, org.springframework.security.web.authentication.logout.LogoutFilter@77f259cf, org.springframework.security.web.authentication.www.BasicAuthenticationFilter@61cf8297, org.springframework.security.web.savedrequest.RequestCacheAwareFilter@7632588b, org.springframework.security.web.servletapi.SecurityContextHolderAwareRequestFilter@64aad3dc, org.springframework.security.web.authentication.AnonymousAuthenticationFilter@7f11a64d, org.springframework.security.web.session.SessionManagementFilter@5be8f406, org.springframework.security.web.access.ExceptionTranslationFilter@86fcb4b, org.springframework.security.web.access.intercept.FilterSecurityInterceptor@11605e20]
2024-03-24 02:40:42,957 INFO springfox.documentation.spring.web.PropertySourcedRequestMappingHandlerMapping [restartedMain] Mapped URL path [/v2/api-docs] onto method [springfox.documentation.swagger2.web.Swagger2Controller#getDocumentation(String, HttpServletRequest)]
2024-03-24 02:40:43,131 INFO org.springframework.boot.devtools.autoconfigure.OptionalLiveReloadServer [restartedMain] LiveReload server is running on port 35729
2024-03-24 02:40:43,315 WARN org.springframework.boot.autoconfigure.security.servlet.UserDetailsServiceAutoConfiguration [restartedMain] 

Using generated security password: 1e427a60-6bf1-42c6-b1b4-50445b1ef684

This generated password is for development use only. Your security configuration must be updated before running your application in production.

2024-03-24 02:40:43,319 INFO org.apache.juli.logging.DirectJDKLog [restartedMain] Starting ProtocolHandler ["http-nio-8888"]
2024-03-24 02:40:43,325 INFO org.springframework.boot.web.embedded.tomcat.TomcatWebServer [restartedMain] Tomcat started on port(s): 8888 (http) with context path ''
2024-03-24 02:40:43,326 INFO springfox.documentation.spring.web.plugins.DocumentationPluginsBootstrapper [restartedMain] Context refreshed
2024-03-24 02:40:43,327 INFO springfox.documentation.spring.web.plugins.DocumentationPluginsBootstrapper [restartedMain] Found 1 custom documentation plugin(s)
2024-03-24 02:40:43,340 INFO springfox.documentation.spring.web.scanners.ApiListingReferenceScanner [restartedMain] Scanning for api listing references
2024-03-24 02:40:43,387 INFO springfox.documentation.spring.web.readers.operation.CachingOperationNameGenerator [restartedMain] Generating unique operation named: deleteUsingDELETE_1
2024-03-24 02:40:43,455 INFO springfox.documentation.spring.web.readers.operation.CachingOperationNameGenerator [restartedMain] Generating unique operation named: updateUsingPUT_1
2024-03-24 02:40:43,477 INFO springfox.documentation.spring.web.readers.operation.CachingOperationNameGenerator [restartedMain] Generating unique operation named: deleteUsingDELETE_2
2024-03-24 02:40:43,479 INFO springfox.documentation.spring.web.readers.operation.CachingOperationNameGenerator [restartedMain] Generating unique operation named: findAllByIdUsingGET_1
2024-03-24 02:40:43,481 INFO springfox.documentation.spring.web.readers.operation.CachingOperationNameGenerator [restartedMain] Generating unique operation named: getListUsingGET_1
2024-03-24 02:40:43,490 INFO springfox.documentation.spring.web.readers.operation.CachingOperationNameGenerator [restartedMain] Generating unique operation named: listUsingGET_1
2024-03-24 02:40:43,496 INFO springfox.documentation.spring.web.readers.operation.CachingOperationNameGenerator [restartedMain] Generating unique operation named: updateUsingPUT_2
2024-03-24 02:40:43,547 INFO org.springframework.boot.StartupInfoLogger [restartedMain] Started SpringJava13Application in 3.103 seconds (JVM running for 45.13)
2024-03-24 02:40:43,551 INFO org.springframework.boot.devtools.autoconfigure.ConditionEvaluationDeltaLoggingListener [restartedMain] Condition evaluation unchanged
2024-03-24 02:40:51,079 INFO org.springframework.boot.devtools.autoconfigure.LocalDevToolsAutoConfiguration$RestartingClassPathChangeChangedEventListener [File Watcher] Restarting due to 1 class path change (0 additions, 0 deletions, 1 modification)
2024-03-24 02:40:51,102 INFO org.apache.juli.logging.DirectJDKLog [Thread-12] Pausing ProtocolHandler ["http-nio-8888"]
2024-03-24 02:40:51,103 INFO org.apache.juli.logging.DirectJDKLog [Thread-12] Stopping service [Tomcat]
2024-03-24 02:40:51,106 INFO org.apache.juli.logging.DirectJDKLog [Thread-12] Stopping ProtocolHandler ["http-nio-8888"]
2024-03-24 02:40:51,109 INFO org.apache.juli.logging.DirectJDKLog [Thread-12] Destroying ProtocolHandler ["http-nio-8888"]
2024-03-24 02:40:51,114 INFO org.springframework.orm.jpa.AbstractEntityManagerFactoryBean [Thread-12] Closing JPA EntityManagerFactory for persistence unit 'default'
2024-03-24 02:40:51,323 WARN org.springframework.beans.factory.support.DisposableBeanAdapter [Thread-12] Invocation of destroy method failed on bean with name 'inMemoryDatabaseShutdownExecutor': org.h2.jdbc.JdbcSQLNonTransientConnectionException: Database is already closed (to disable automatic closing at VM shutdown, add ";DB_CLOSE_ON_EXIT=FALSE" to the db URL) [90121-214]
2024-03-24 02:40:51,323 INFO com.zaxxer.hikari.HikariDataSource [Thread-12] HikariPool-3 - Shutdown initiated...
2024-03-24 02:40:51,324 INFO com.zaxxer.hikari.HikariDataSource [Thread-12] HikariPool-3 - Shutdown completed.
2024-03-24 02:40:51,454 INFO org.springframework.boot.StartupInfoLogger [restartedMain] Starting SpringJava13Application using Java 17.0.8 on DESKTOP-II0AOQK with PID 9176 (D:\Java Documents\java-Rustem-java13\codes\spring\spring-java13\target\classes started by Toshiba in D:\Java Documents\java-Rustem-java13\codes\spring\spring-java13)
2024-03-24 02:40:51,455 DEBUG org.springframework.boot.StartupInfoLogger [restartedMain] Running with Spring Boot v2.7.6, Spring v5.3.24
2024-03-24 02:40:51,455 INFO org.springframework.boot.SpringApplication [restartedMain] The following 1 profile is active: "development"
2024-03-24 02:40:52,047 INFO org.springframework.data.repository.config.RepositoryConfigurationDelegate [restartedMain] Bootstrapping Spring Data JPA repositories in DEFAULT mode.
2024-03-24 02:40:52,116 INFO org.springframework.data.repository.config.RepositoryConfigurationDelegate [restartedMain] Finished Spring Data repository scanning in 67 ms. Found 10 JPA repository interfaces.
2024-03-24 02:40:52,355 INFO org.springframework.boot.web.embedded.tomcat.TomcatWebServer [restartedMain] Tomcat initialized with port(s): 8888 (http)
2024-03-24 02:40:52,357 INFO org.apache.juli.logging.DirectJDKLog [restartedMain] Initializing ProtocolHandler ["http-nio-8888"]
2024-03-24 02:40:52,358 INFO org.apache.juli.logging.DirectJDKLog [restartedMain] Starting service [Tomcat]
2024-03-24 02:40:52,358 INFO org.apache.juli.logging.DirectJDKLog [restartedMain] Starting Servlet engine: [Apache Tomcat/9.0.69]
2024-03-24 02:40:52,415 INFO org.apache.juli.logging.DirectJDKLog [restartedMain] Initializing Spring embedded WebApplicationContext
2024-03-24 02:40:52,417 INFO org.springframework.boot.web.servlet.context.ServletWebServerApplicationContext [restartedMain] Root WebApplicationContext: initialization completed in 959 ms
2024-03-24 02:40:52,467 INFO com.zaxxer.hikari.HikariDataSource [restartedMain] HikariPool-4 - Starting...
2024-03-24 02:40:52,471 INFO com.zaxxer.hikari.HikariDataSource [restartedMain] HikariPool-4 - Start completed.
2024-03-24 02:40:52,471 INFO org.springframework.boot.autoconfigure.h2.H2ConsoleAutoConfiguration [restartedMain] H2 console available at '/h2-console'. Database available at 'jdbc:h2:mem:test'
2024-03-24 02:40:52,571 INFO org.hibernate.jpa.internal.util.LogHelper [restartedMain] HHH000204: Processing PersistenceUnitInfo [name: default]
2024-03-24 02:40:52,586 INFO org.hibernate.dialect.Dialect [restartedMain] HHH000400: Using dialect: org.hibernate.dialect.H2Dialect
2024-03-24 02:40:52,816 INFO org.hibernate.engine.transaction.jta.platform.internal.JtaPlatformInitiator [restartedMain] HHH000490: Using JtaPlatform implementation: [org.hibernate.engine.transaction.jta.platform.internal.NoJtaPlatform]
2024-03-24 02:40:52,818 INFO org.springframework.orm.jpa.AbstractEntityManagerFactoryBean [restartedMain] Initialized JPA EntityManagerFactory for persistence unit 'default'
2024-03-24 02:40:52,868 WARN org.springframework.boot.autoconfigure.orm.jpa.JpaBaseConfiguration$JpaWebConfiguration [restartedMain] spring.jpa.open-in-view is enabled by default. Therefore, database queries may be performed during view rendering. Explicitly configure spring.jpa.open-in-view to disable this warning
2024-03-24 02:40:54,292 INFO org.springframework.security.web.DefaultSecurityFilterChain [restartedMain] Will secure any request with [org.springframework.security.web.session.DisableEncodeUrlFilter@6c2d4b55, org.springframework.security.web.context.request.async.WebAsyncManagerIntegrationFilter@d33e50f, org.springframework.security.web.context.SecurityContextPersistenceFilter@305ad466, org.springframework.security.web.header.HeaderWriterFilter@49a8415, org.springframework.security.web.authentication.logout.LogoutFilter@1c85c2a2, org.springframework.security.web.authentication.www.BasicAuthenticationFilter@1b7e437b, org.springframework.security.web.savedrequest.RequestCacheAwareFilter@2f380bb7, org.springframework.security.web.servletapi.SecurityContextHolderAwareRequestFilter@7fd29869, org.springframework.security.web.authentication.AnonymousAuthenticationFilter@4e363d57, org.springframework.security.web.session.SessionManagementFilter@779e4a7a, org.springframework.security.web.access.ExceptionTranslationFilter@6dde547e, org.springframework.security.web.access.intercept.FilterSecurityInterceptor@ff987f1]
2024-03-24 02:40:54,316 INFO springfox.documentation.spring.web.PropertySourcedRequestMappingHandlerMapping [restartedMain] Mapped URL path [/v2/api-docs] onto method [springfox.documentation.swagger2.web.Swagger2Controller#getDocumentation(String, HttpServletRequest)]
2024-03-24 02:40:54,749 INFO org.springframework.boot.devtools.autoconfigure.OptionalLiveReloadServer [restartedMain] LiveReload server is running on port 35729
2024-03-24 02:40:54,976 WARN org.springframework.boot.autoconfigure.security.servlet.UserDetailsServiceAutoConfiguration [restartedMain] 

Using generated security password: e17cf5dc-7717-491e-aefc-ac3f029d9ae3

This generated password is for development use only. Your security configuration must be updated before running your application in production.

2024-03-24 02:40:54,993 INFO org.apache.juli.logging.DirectJDKLog [restartedMain] Starting ProtocolHandler ["http-nio-8888"]
2024-03-24 02:40:55,001 INFO org.springframework.boot.web.embedded.tomcat.TomcatWebServer [restartedMain] Tomcat started on port(s): 8888 (http) with context path ''
2024-03-24 02:40:55,003 INFO springfox.documentation.spring.web.plugins.DocumentationPluginsBootstrapper [restartedMain] Context refreshed
2024-03-24 02:40:55,005 INFO springfox.documentation.spring.web.plugins.DocumentationPluginsBootstrapper [restartedMain] Found 1 custom documentation plugin(s)
2024-03-24 02:40:55,018 INFO springfox.documentation.spring.web.scanners.ApiListingReferenceScanner [restartedMain] Scanning for api listing references
2024-03-24 02:40:55,088 INFO springfox.documentation.spring.web.readers.operation.CachingOperationNameGenerator [restartedMain] Generating unique operation named: deleteUsingDELETE_1
2024-03-24 02:40:55,194 INFO springfox.documentation.spring.web.readers.operation.CachingOperationNameGenerator [restartedMain] Generating unique operation named: updateUsingPUT_1
2024-03-24 02:40:55,215 INFO springfox.documentation.spring.web.readers.operation.CachingOperationNameGenerator [restartedMain] Generating unique operation named: deleteUsingDELETE_2
2024-03-24 02:40:55,218 INFO springfox.documentation.spring.web.readers.operation.CachingOperationNameGenerator [restartedMain] Generating unique operation named: findAllByIdUsingGET_1
2024-03-24 02:40:55,220 INFO springfox.documentation.spring.web.readers.operation.CachingOperationNameGenerator [restartedMain] Generating unique operation named: getListUsingGET_1
2024-03-24 02:40:55,227 INFO springfox.documentation.spring.web.readers.operation.CachingOperationNameGenerator [restartedMain] Generating unique operation named: listUsingGET_1
2024-03-24 02:40:55,235 INFO springfox.documentation.spring.web.readers.operation.CachingOperationNameGenerator [restartedMain] Generating unique operation named: updateUsingPUT_2
2024-03-24 02:40:55,265 INFO org.springframework.boot.StartupInfoLogger [restartedMain] Started SpringJava13Application in 3.866 seconds (JVM running for 56.848)
2024-03-24 02:40:55,268 INFO org.springframework.boot.devtools.autoconfigure.ConditionEvaluationDeltaLoggingListener [restartedMain] Condition evaluation unchanged
2024-03-24 02:41:04,745 INFO org.springframework.boot.devtools.autoconfigure.LocalDevToolsAutoConfiguration$RestartingClassPathChangeChangedEventListener [File Watcher] Restarting due to 1 class path change (0 additions, 0 deletions, 1 modification)
2024-03-24 02:41:04,759 INFO org.apache.juli.logging.DirectJDKLog [Thread-16] Pausing ProtocolHandler ["http-nio-8888"]
2024-03-24 02:41:04,760 INFO org.apache.juli.logging.DirectJDKLog [Thread-16] Stopping service [Tomcat]
2024-03-24 02:41:04,763 INFO org.apache.juli.logging.DirectJDKLog [Thread-16] Stopping ProtocolHandler ["http-nio-8888"]
2024-03-24 02:41:04,765 INFO org.apache.juli.logging.DirectJDKLog [Thread-16] Destroying ProtocolHandler ["http-nio-8888"]
2024-03-24 02:41:04,769 INFO org.springframework.orm.jpa.AbstractEntityManagerFactoryBean [Thread-16] Closing JPA EntityManagerFactory for persistence unit 'default'
2024-03-24 02:41:04,980 WARN org.springframework.beans.factory.support.DisposableBeanAdapter [Thread-16] Invocation of destroy method failed on bean with name 'inMemoryDatabaseShutdownExecutor': org.h2.jdbc.JdbcSQLNonTransientConnectionException: Database is already closed (to disable automatic closing at VM shutdown, add ";DB_CLOSE_ON_EXIT=FALSE" to the db URL) [90121-214]
2024-03-24 02:41:04,981 INFO com.zaxxer.hikari.HikariDataSource [Thread-16] HikariPool-4 - Shutdown initiated...
2024-03-24 02:41:04,983 INFO com.zaxxer.hikari.HikariDataSource [Thread-16] HikariPool-4 - Shutdown completed.
2024-03-24 02:41:05,136 INFO org.springframework.boot.StartupInfoLogger [restartedMain] Starting SpringJava13Application using Java 17.0.8 on DESKTOP-II0AOQK with PID 9176 (D:\Java Documents\java-Rustem-java13\codes\spring\spring-java13\target\classes started by Toshiba in D:\Java Documents\java-Rustem-java13\codes\spring\spring-java13)
2024-03-24 02:41:05,136 DEBUG org.springframework.boot.StartupInfoLogger [restartedMain] Running with Spring Boot v2.7.6, Spring v5.3.24
2024-03-24 02:41:05,137 INFO org.springframework.boot.SpringApplication [restartedMain] The following 1 profile is active: "development"
2024-03-24 02:41:05,735 INFO org.springframework.data.repository.config.RepositoryConfigurationDelegate [restartedMain] Bootstrapping Spring Data JPA repositories in DEFAULT mode.
2024-03-24 02:41:05,803 INFO org.springframework.data.repository.config.RepositoryConfigurationDelegate [restartedMain] Finished Spring Data repository scanning in 66 ms. Found 10 JPA repository interfaces.
2024-03-24 02:41:06,041 INFO org.springframework.boot.web.embedded.tomcat.TomcatWebServer [restartedMain] Tomcat initialized with port(s): 8888 (http)
2024-03-24 02:41:06,043 INFO org.apache.juli.logging.DirectJDKLog [restartedMain] Initializing ProtocolHandler ["http-nio-8888"]
2024-03-24 02:41:06,044 INFO org.apache.juli.logging.DirectJDKLog [restartedMain] Starting service [Tomcat]
2024-03-24 02:41:06,044 INFO org.apache.juli.logging.DirectJDKLog [restartedMain] Starting Servlet engine: [Apache Tomcat/9.0.69]
2024-03-24 02:41:06,098 INFO org.apache.juli.logging.DirectJDKLog [restartedMain] Initializing Spring embedded WebApplicationContext
2024-03-24 02:41:06,099 INFO org.springframework.boot.web.servlet.context.ServletWebServerApplicationContext [restartedMain] Root WebApplicationContext: initialization completed in 958 ms
2024-03-24 02:41:06,121 INFO com.zaxxer.hikari.HikariDataSource [restartedMain] HikariPool-5 - Starting...
2024-03-24 02:41:06,126 INFO com.zaxxer.hikari.HikariDataSource [restartedMain] HikariPool-5 - Start completed.
2024-03-24 02:41:06,127 INFO org.springframework.boot.autoconfigure.h2.H2ConsoleAutoConfiguration [restartedMain] H2 console available at '/h2-console'. Database available at 'jdbc:h2:mem:test'
2024-03-24 02:41:06,193 INFO org.hibernate.jpa.internal.util.LogHelper [restartedMain] HHH000204: Processing PersistenceUnitInfo [name: default]
2024-03-24 02:41:06,209 INFO org.hibernate.dialect.Dialect [restartedMain] HHH000400: Using dialect: org.hibernate.dialect.H2Dialect
2024-03-24 02:41:06,424 INFO org.hibernate.engine.transaction.jta.platform.internal.JtaPlatformInitiator [restartedMain] HHH000490: Using JtaPlatform implementation: [org.hibernate.engine.transaction.jta.platform.internal.NoJtaPlatform]
2024-03-24 02:41:06,426 INFO org.springframework.orm.jpa.AbstractEntityManagerFactoryBean [restartedMain] Initialized JPA EntityManagerFactory for persistence unit 'default'
2024-03-24 02:41:06,486 WARN org.springframework.boot.autoconfigure.orm.jpa.JpaBaseConfiguration$JpaWebConfiguration [restartedMain] spring.jpa.open-in-view is enabled by default. Therefore, database queries may be performed during view rendering. Explicitly configure spring.jpa.open-in-view to disable this warning
2024-03-24 02:41:07,194 INFO org.springframework.security.web.DefaultSecurityFilterChain [restartedMain] Will secure any request with [org.springframework.security.web.session.DisableEncodeUrlFilter@2a1a4a83, org.springframework.security.web.context.request.async.WebAsyncManagerIntegrationFilter@50657ef, org.springframework.security.web.context.SecurityContextPersistenceFilter@351edf0e, org.springframework.security.web.header.HeaderWriterFilter@42dea641, org.springframework.security.web.authentication.logout.LogoutFilter@8a372ff, org.springframework.security.web.authentication.www.BasicAuthenticationFilter@790a26c1, org.springframework.security.web.savedrequest.RequestCacheAwareFilter@1f1c76ee, org.springframework.security.web.servletapi.SecurityContextHolderAwareRequestFilter@284727e2, org.springframework.security.web.authentication.AnonymousAuthenticationFilter@7a9396f4, org.springframework.security.web.session.SessionManagementFilter@4bb512e6, org.springframework.security.web.access.ExceptionTranslationFilter@3b922744, org.springframework.security.web.access.intercept.FilterSecurityInterceptor@4ab6ab90]
2024-03-24 02:41:07,211 INFO springfox.documentation.spring.web.PropertySourcedRequestMappingHandlerMapping [restartedMain] Mapped URL path [/v2/api-docs] onto method [springfox.documentation.swagger2.web.Swagger2Controller#getDocumentation(String, HttpServletRequest)]
2024-03-24 02:41:07,354 INFO org.springframework.boot.devtools.autoconfigure.OptionalLiveReloadServer [restartedMain] LiveReload server is running on port 35729
2024-03-24 02:41:07,540 WARN org.springframework.boot.autoconfigure.security.servlet.UserDetailsServiceAutoConfiguration [restartedMain] 

Using generated security password: e62e551e-c999-4a56-ad90-42c69dc87f04

This generated password is for development use only. Your security configuration must be updated before running your application in production.

2024-03-24 02:41:07,545 INFO org.apache.juli.logging.DirectJDKLog [restartedMain] Starting ProtocolHandler ["http-nio-8888"]
2024-03-24 02:41:07,551 INFO org.springframework.boot.web.embedded.tomcat.TomcatWebServer [restartedMain] Tomcat started on port(s): 8888 (http) with context path ''
2024-03-24 02:41:07,552 INFO springfox.documentation.spring.web.plugins.DocumentationPluginsBootstrapper [restartedMain] Context refreshed
2024-03-24 02:41:07,553 INFO springfox.documentation.spring.web.plugins.DocumentationPluginsBootstrapper [restartedMain] Found 1 custom documentation plugin(s)
2024-03-24 02:41:07,566 INFO springfox.documentation.spring.web.scanners.ApiListingReferenceScanner [restartedMain] Scanning for api listing references
2024-03-24 02:41:07,629 INFO springfox.documentation.spring.web.readers.operation.CachingOperationNameGenerator [restartedMain] Generating unique operation named: deleteUsingDELETE_1
2024-03-24 02:41:07,683 INFO springfox.documentation.spring.web.readers.operation.CachingOperationNameGenerator [restartedMain] Generating unique operation named: updateUsingPUT_1
2024-03-24 02:41:07,701 INFO springfox.documentation.spring.web.readers.operation.CachingOperationNameGenerator [restartedMain] Generating unique operation named: deleteUsingDELETE_2
2024-03-24 02:41:07,703 INFO springfox.documentation.spring.web.readers.operation.CachingOperationNameGenerator [restartedMain] Generating unique operation named: findAllByIdUsingGET_1
2024-03-24 02:41:07,705 INFO springfox.documentation.spring.web.readers.operation.CachingOperationNameGenerator [restartedMain] Generating unique operation named: getListUsingGET_1
2024-03-24 02:41:07,713 INFO springfox.documentation.spring.web.readers.operation.CachingOperationNameGenerator [restartedMain] Generating unique operation named: listUsingGET_1
2024-03-24 02:41:07,719 INFO springfox.documentation.spring.web.readers.operation.CachingOperationNameGenerator [restartedMain] Generating unique operation named: updateUsingPUT_2
2024-03-24 02:41:07,757 INFO org.springframework.boot.StartupInfoLogger [restartedMain] Started SpringJava13Application in 2.688 seconds (JVM running for 69.34)
2024-03-24 02:41:07,762 INFO org.springframework.boot.devtools.autoconfigure.ConditionEvaluationDeltaLoggingListener [restartedMain] Condition evaluation unchanged
2024-03-24 02:41:49,551 INFO org.springframework.boot.devtools.autoconfigure.LocalDevToolsAutoConfiguration$RestartingClassPathChangeChangedEventListener [File Watcher] Restarting due to 1 class path change (0 additions, 0 deletions, 1 modification)
2024-03-24 02:41:49,567 INFO org.apache.juli.logging.DirectJDKLog [Thread-20] Pausing ProtocolHandler ["http-nio-8888"]
2024-03-24 02:41:49,567 INFO org.apache.juli.logging.DirectJDKLog [Thread-20] Stopping service [Tomcat]
2024-03-24 02:41:49,570 INFO org.apache.juli.logging.DirectJDKLog [Thread-20] Stopping ProtocolHandler ["http-nio-8888"]
2024-03-24 02:41:49,572 INFO org.apache.juli.logging.DirectJDKLog [Thread-20] Destroying ProtocolHandler ["http-nio-8888"]
2024-03-24 02:41:49,575 INFO org.springframework.orm.jpa.AbstractEntityManagerFactoryBean [Thread-20] Closing JPA EntityManagerFactory for persistence unit 'default'
2024-03-24 02:41:49,780 WARN org.springframework.beans.factory.support.DisposableBeanAdapter [Thread-20] Invocation of destroy method failed on bean with name 'inMemoryDatabaseShutdownExecutor': org.h2.jdbc.JdbcSQLNonTransientConnectionException: Database is already closed (to disable automatic closing at VM shutdown, add ";DB_CLOSE_ON_EXIT=FALSE" to the db URL) [90121-214]
2024-03-24 02:41:49,781 INFO com.zaxxer.hikari.HikariDataSource [Thread-20] HikariPool-5 - Shutdown initiated...
2024-03-24 02:41:49,781 INFO com.zaxxer.hikari.HikariDataSource [Thread-20] HikariPool-5 - Shutdown completed.
2024-03-24 02:41:49,985 INFO org.springframework.boot.StartupInfoLogger [restartedMain] Starting SpringJava13Application using Java 17.0.8 on DESKTOP-II0AOQK with PID 9176 (D:\Java Documents\java-Rustem-java13\codes\spring\spring-java13\target\classes started by Toshiba in D:\Java Documents\java-Rustem-java13\codes\spring\spring-java13)
2024-03-24 02:41:49,985 DEBUG org.springframework.boot.StartupInfoLogger [restartedMain] Running with Spring Boot v2.7.6, Spring v5.3.24
2024-03-24 02:41:49,986 INFO org.springframework.boot.SpringApplication [restartedMain] The following 1 profile is active: "development"
2024-03-24 02:41:50,701 INFO org.springframework.data.repository.config.RepositoryConfigurationDelegate [restartedMain] Bootstrapping Spring Data JPA repositories in DEFAULT mode.
2024-03-24 02:41:50,842 INFO org.springframework.data.repository.config.RepositoryConfigurationDelegate [restartedMain] Finished Spring Data repository scanning in 107 ms. Found 10 JPA repository interfaces.
2024-03-24 02:41:51,091 INFO org.springframework.boot.web.embedded.tomcat.TomcatWebServer [restartedMain] Tomcat initialized with port(s): 8888 (http)
2024-03-24 02:41:51,092 INFO org.apache.juli.logging.DirectJDKLog [restartedMain] Initializing ProtocolHandler ["http-nio-8888"]
2024-03-24 02:41:51,093 INFO org.apache.juli.logging.DirectJDKLog [restartedMain] Starting service [Tomcat]
2024-03-24 02:41:51,094 INFO org.apache.juli.logging.DirectJDKLog [restartedMain] Starting Servlet engine: [Apache Tomcat/9.0.69]
2024-03-24 02:41:51,150 INFO org.apache.juli.logging.DirectJDKLog [restartedMain] Initializing Spring embedded WebApplicationContext
2024-03-24 02:41:51,151 INFO org.springframework.boot.web.servlet.context.ServletWebServerApplicationContext [restartedMain] Root WebApplicationContext: initialization completed in 1162 ms
2024-03-24 02:41:51,172 INFO com.zaxxer.hikari.HikariDataSource [restartedMain] HikariPool-6 - Starting...
2024-03-24 02:41:51,175 INFO com.zaxxer.hikari.HikariDataSource [restartedMain] HikariPool-6 - Start completed.
2024-03-24 02:41:51,176 INFO org.springframework.boot.autoconfigure.h2.H2ConsoleAutoConfiguration [restartedMain] H2 console available at '/h2-console'. Database available at 'jdbc:h2:mem:test'
2024-03-24 02:41:51,282 INFO org.hibernate.jpa.internal.util.LogHelper [restartedMain] HHH000204: Processing PersistenceUnitInfo [name: default]
2024-03-24 02:41:51,338 INFO org.hibernate.dialect.Dialect [restartedMain] HHH000400: Using dialect: org.hibernate.dialect.H2Dialect
2024-03-24 02:41:51,726 INFO org.hibernate.engine.transaction.jta.platform.internal.JtaPlatformInitiator [restartedMain] HHH000490: Using JtaPlatform implementation: [org.hibernate.engine.transaction.jta.platform.internal.NoJtaPlatform]
2024-03-24 02:41:51,726 INFO org.springframework.orm.jpa.AbstractEntityManagerFactoryBean [restartedMain] Initialized JPA EntityManagerFactory for persistence unit 'default'
2024-03-24 02:41:51,805 WARN org.springframework.boot.autoconfigure.orm.jpa.JpaBaseConfiguration$JpaWebConfiguration [restartedMain] spring.jpa.open-in-view is enabled by default. Therefore, database queries may be performed during view rendering. Explicitly configure spring.jpa.open-in-view to disable this warning
2024-03-24 02:41:52,579 INFO org.springframework.security.web.DefaultSecurityFilterChain [restartedMain] Will secure any request with [org.springframework.security.web.session.DisableEncodeUrlFilter@53a982a7, org.springframework.security.web.context.request.async.WebAsyncManagerIntegrationFilter@10fd75ad, org.springframework.security.web.context.SecurityContextPersistenceFilter@57f944bd, org.springframework.security.web.header.HeaderWriterFilter@2b6b42f2, org.springframework.security.web.authentication.logout.LogoutFilter@d9ed1e1, org.springframework.security.web.authentication.www.BasicAuthenticationFilter@7079ec76, org.springframework.security.web.savedrequest.RequestCacheAwareFilter@3ab2ab44, org.springframework.security.web.servletapi.SecurityContextHolderAwareRequestFilter@4bbf0232, org.springframework.security.web.authentication.AnonymousAuthenticationFilter@1396b337, org.springframework.security.web.session.SessionManagementFilter@68667bad, org.springframework.security.web.access.ExceptionTranslationFilter@a7cfb55, org.springframework.security.web.access.intercept.FilterSecurityInterceptor@6c4df4b9]
2024-03-24 02:41:52,604 INFO springfox.documentation.spring.web.PropertySourcedRequestMappingHandlerMapping [restartedMain] Mapped URL path [/v2/api-docs] onto method [springfox.documentation.swagger2.web.Swagger2Controller#getDocumentation(String, HttpServletRequest)]
2024-03-24 02:41:52,888 INFO org.springframework.boot.devtools.autoconfigure.OptionalLiveReloadServer [restartedMain] LiveReload server is running on port 35729
2024-03-24 02:41:53,275 WARN org.springframework.boot.autoconfigure.security.servlet.UserDetailsServiceAutoConfiguration [restartedMain] 

Using generated security password: 94460f2e-b0cb-4ee8-b421-8597320107c8

This generated password is for development use only. Your security configuration must be updated before running your application in production.

2024-03-24 02:41:53,280 INFO org.apache.juli.logging.DirectJDKLog [restartedMain] Starting ProtocolHandler ["http-nio-8888"]
2024-03-24 02:41:53,284 INFO org.springframework.boot.web.embedded.tomcat.TomcatWebServer [restartedMain] Tomcat started on port(s): 8888 (http) with context path ''
2024-03-24 02:41:53,285 INFO springfox.documentation.spring.web.plugins.DocumentationPluginsBootstrapper [restartedMain] Context refreshed
2024-03-24 02:41:53,286 INFO springfox.documentation.spring.web.plugins.DocumentationPluginsBootstrapper [restartedMain] Found 1 custom documentation plugin(s)
2024-03-24 02:41:53,295 INFO springfox.documentation.spring.web.scanners.ApiListingReferenceScanner [restartedMain] Scanning for api listing references
2024-03-24 02:41:53,329 INFO springfox.documentation.spring.web.readers.operation.CachingOperationNameGenerator [restartedMain] Generating unique operation named: deleteUsingDELETE_1
2024-03-24 02:41:53,399 INFO springfox.documentation.spring.web.readers.operation.CachingOperationNameGenerator [restartedMain] Generating unique operation named: updateUsingPUT_1
2024-03-24 02:41:53,413 INFO springfox.documentation.spring.web.readers.operation.CachingOperationNameGenerator [restartedMain] Generating unique operation named: deleteUsingDELETE_2
2024-03-24 02:41:53,416 INFO springfox.documentation.spring.web.readers.operation.CachingOperationNameGenerator [restartedMain] Generating unique operation named: findAllByIdUsingGET_1
2024-03-24 02:41:53,420 INFO springfox.documentation.spring.web.readers.operation.CachingOperationNameGenerator [restartedMain] Generating unique operation named: getListUsingGET_1
2024-03-24 02:41:53,428 INFO springfox.documentation.spring.web.readers.operation.CachingOperationNameGenerator [restartedMain] Generating unique operation named: listUsingGET_1
2024-03-24 02:41:53,433 INFO springfox.documentation.spring.web.readers.operation.CachingOperationNameGenerator [restartedMain] Generating unique operation named: updateUsingPUT_2
2024-03-24 02:41:53,463 INFO org.springframework.boot.StartupInfoLogger [restartedMain] Started SpringJava13Application in 3.598 seconds (JVM running for 115.046)
2024-03-24 02:41:53,466 INFO org.springframework.boot.devtools.autoconfigure.ConditionEvaluationDeltaLoggingListener [restartedMain] Condition evaluation unchanged
2024-03-24 02:41:59,091 INFO org.springframework.boot.devtools.autoconfigure.LocalDevToolsAutoConfiguration$RestartingClassPathChangeChangedEventListener [File Watcher] Restarting due to 1 class path change (0 additions, 0 deletions, 1 modification)
2024-03-24 02:41:59,104 INFO org.apache.juli.logging.DirectJDKLog [Thread-24] Pausing ProtocolHandler ["http-nio-8888"]
2024-03-24 02:41:59,104 INFO org.apache.juli.logging.DirectJDKLog [Thread-24] Stopping service [Tomcat]
2024-03-24 02:41:59,107 INFO org.apache.juli.logging.DirectJDKLog [Thread-24] Stopping ProtocolHandler ["http-nio-8888"]
2024-03-24 02:41:59,109 INFO org.apache.juli.logging.DirectJDKLog [Thread-24] Destroying ProtocolHandler ["http-nio-8888"]
2024-03-24 02:41:59,112 INFO org.springframework.orm.jpa.AbstractEntityManagerFactoryBean [Thread-24] Closing JPA EntityManagerFactory for persistence unit 'default'
2024-03-24 02:41:59,327 WARN org.springframework.beans.factory.support.DisposableBeanAdapter [Thread-24] Invocation of destroy method failed on bean with name 'inMemoryDatabaseShutdownExecutor': org.h2.jdbc.JdbcSQLNonTransientConnectionException: Database is already closed (to disable automatic closing at VM shutdown, add ";DB_CLOSE_ON_EXIT=FALSE" to the db URL) [90121-214]
2024-03-24 02:41:59,328 INFO com.zaxxer.hikari.HikariDataSource [Thread-24] HikariPool-6 - Shutdown initiated...
2024-03-24 02:41:59,329 INFO com.zaxxer.hikari.HikariDataSource [Thread-24] HikariPool-6 - Shutdown completed.
2024-03-24 02:41:59,456 INFO org.springframework.boot.StartupInfoLogger [restartedMain] Starting SpringJava13Application using Java 17.0.8 on DESKTOP-II0AOQK with PID 9176 (D:\Java Documents\java-Rustem-java13\codes\spring\spring-java13\target\classes started by Toshiba in D:\Java Documents\java-Rustem-java13\codes\spring\spring-java13)
2024-03-24 02:41:59,457 DEBUG org.springframework.boot.StartupInfoLogger [restartedMain] Running with Spring Boot v2.7.6, Spring v5.3.24
2024-03-24 02:41:59,457 INFO org.springframework.boot.SpringApplication [restartedMain] The following 1 profile is active: "development"
2024-03-24 02:41:59,985 INFO org.springframework.data.repository.config.RepositoryConfigurationDelegate [restartedMain] Bootstrapping Spring Data JPA repositories in DEFAULT mode.
2024-03-24 02:42:00,086 INFO org.springframework.data.repository.config.RepositoryConfigurationDelegate [restartedMain] Finished Spring Data repository scanning in 99 ms. Found 10 JPA repository interfaces.
2024-03-24 02:42:00,502 INFO org.springframework.boot.web.embedded.tomcat.TomcatWebServer [restartedMain] Tomcat initialized with port(s): 8888 (http)
2024-03-24 02:42:00,505 INFO org.apache.juli.logging.DirectJDKLog [restartedMain] Initializing ProtocolHandler ["http-nio-8888"]
2024-03-24 02:42:00,506 INFO org.apache.juli.logging.DirectJDKLog [restartedMain] Starting service [Tomcat]
2024-03-24 02:42:00,506 INFO org.apache.juli.logging.DirectJDKLog [restartedMain] Starting Servlet engine: [Apache Tomcat/9.0.69]
2024-03-24 02:42:00,590 INFO org.apache.juli.logging.DirectJDKLog [restartedMain] Initializing Spring embedded WebApplicationContext
2024-03-24 02:42:00,590 INFO org.springframework.boot.web.servlet.context.ServletWebServerApplicationContext [restartedMain] Root WebApplicationContext: initialization completed in 1130 ms
2024-03-24 02:42:00,647 INFO com.zaxxer.hikari.HikariDataSource [restartedMain] HikariPool-7 - Starting...
2024-03-24 02:42:00,652 INFO com.zaxxer.hikari.HikariDataSource [restartedMain] HikariPool-7 - Start completed.
2024-03-24 02:42:00,652 INFO org.springframework.boot.autoconfigure.h2.H2ConsoleAutoConfiguration [restartedMain] H2 console available at '/h2-console'. Database available at 'jdbc:h2:mem:test'
2024-03-24 02:42:00,764 INFO org.hibernate.jpa.internal.util.LogHelper [restartedMain] HHH000204: Processing PersistenceUnitInfo [name: default]
2024-03-24 02:42:00,792 INFO org.hibernate.dialect.Dialect [restartedMain] HHH000400: Using dialect: org.hibernate.dialect.H2Dialect
2024-03-24 02:42:01,157 INFO org.hibernate.engine.transaction.jta.platform.internal.JtaPlatformInitiator [restartedMain] HHH000490: Using JtaPlatform implementation: [org.hibernate.engine.transaction.jta.platform.internal.NoJtaPlatform]
2024-03-24 02:42:01,159 INFO org.springframework.orm.jpa.AbstractEntityManagerFactoryBean [restartedMain] Initialized JPA EntityManagerFactory for persistence unit 'default'
2024-03-24 02:42:01,222 WARN org.springframework.boot.autoconfigure.orm.jpa.JpaBaseConfiguration$JpaWebConfiguration [restartedMain] spring.jpa.open-in-view is enabled by default. Therefore, database queries may be performed during view rendering. Explicitly configure spring.jpa.open-in-view to disable this warning
2024-03-24 02:42:01,963 INFO org.springframework.security.web.DefaultSecurityFilterChain [restartedMain] Will secure any request with [org.springframework.security.web.session.DisableEncodeUrlFilter@788e2de5, org.springframework.security.web.context.request.async.WebAsyncManagerIntegrationFilter@74b6317f, org.springframework.security.web.context.SecurityContextPersistenceFilter@5c1324df, org.springframework.security.web.header.HeaderWriterFilter@14e9f3af, org.springframework.security.web.authentication.logout.LogoutFilter@4af71cb6, org.springframework.security.web.authentication.www.BasicAuthenticationFilter@31300118, org.springframework.security.web.savedrequest.RequestCacheAwareFilter@7631cf73, org.springframework.security.web.servletapi.SecurityContextHolderAwareRequestFilter@2d9e3e91, org.springframework.security.web.authentication.AnonymousAuthenticationFilter@45f4ac06, org.springframework.security.web.session.SessionManagementFilter@595f6c93, org.springframework.security.web.access.ExceptionTranslationFilter@7ccac856, org.springframework.security.web.access.intercept.FilterSecurityInterceptor@2db3980f]
2024-03-24 02:42:01,980 INFO springfox.documentation.spring.web.PropertySourcedRequestMappingHandlerMapping [restartedMain] Mapped URL path [/v2/api-docs] onto method [springfox.documentation.swagger2.web.Swagger2Controller#getDocumentation(String, HttpServletRequest)]
2024-03-24 02:42:02,142 INFO org.springframework.boot.devtools.autoconfigure.OptionalLiveReloadServer [restartedMain] LiveReload server is running on port 35729
2024-03-24 02:42:02,376 WARN org.springframework.boot.autoconfigure.security.servlet.UserDetailsServiceAutoConfiguration [restartedMain] 

Using generated security password: e6af1fb2-44d1-45a0-b553-e60ddf07301f

This generated password is for development use only. Your security configuration must be updated before running your application in production.

2024-03-24 02:42:02,382 INFO org.apache.juli.logging.DirectJDKLog [restartedMain] Starting ProtocolHandler ["http-nio-8888"]
2024-03-24 02:42:02,389 INFO org.springframework.boot.web.embedded.tomcat.TomcatWebServer [restartedMain] Tomcat started on port(s): 8888 (http) with context path ''
2024-03-24 02:42:02,390 INFO springfox.documentation.spring.web.plugins.DocumentationPluginsBootstrapper [restartedMain] Context refreshed
2024-03-24 02:42:02,391 INFO springfox.documentation.spring.web.plugins.DocumentationPluginsBootstrapper [restartedMain] Found 1 custom documentation plugin(s)
2024-03-24 02:42:02,407 INFO springfox.documentation.spring.web.scanners.ApiListingReferenceScanner [restartedMain] Scanning for api listing references
2024-03-24 02:42:02,453 INFO springfox.documentation.spring.web.readers.operation.CachingOperationNameGenerator [restartedMain] Generating unique operation named: deleteUsingDELETE_1
2024-03-24 02:42:02,525 INFO springfox.documentation.spring.web.readers.operation.CachingOperationNameGenerator [restartedMain] Generating unique operation named: updateUsingPUT_1
2024-03-24 02:42:02,548 INFO springfox.documentation.spring.web.readers.operation.CachingOperationNameGenerator [restartedMain] Generating unique operation named: deleteUsingDELETE_2
2024-03-24 02:42:02,550 INFO springfox.documentation.spring.web.readers.operation.CachingOperationNameGenerator [restartedMain] Generating unique operation named: findAllByIdUsingGET_1
2024-03-24 02:42:02,552 INFO springfox.documentation.spring.web.readers.operation.CachingOperationNameGenerator [restartedMain] Generating unique operation named: getListUsingGET_1
2024-03-24 02:42:02,569 INFO springfox.documentation.spring.web.readers.operation.CachingOperationNameGenerator [restartedMain] Generating unique operation named: listUsingGET_1
2024-03-24 02:42:02,575 INFO springfox.documentation.spring.web.readers.operation.CachingOperationNameGenerator [restartedMain] Generating unique operation named: updateUsingPUT_2
2024-03-24 02:42:02,618 INFO org.springframework.boot.StartupInfoLogger [restartedMain] Started SpringJava13Application in 3.207 seconds (JVM running for 124.2)
2024-03-24 02:42:02,627 INFO org.springframework.boot.devtools.autoconfigure.ConditionEvaluationDeltaLoggingListener [restartedMain] Condition evaluation unchanged
